<?xml version="1.0" encoding="UTF-8"?>
<!-- Generated by org.testng.reporters.JUnitXMLReporter -->
<testsuite hostname="A859LCOK" ignored="0" name="Test" tests="1" failures="0" timestamp="13 Jun 2020 08:12:32 GMT" time="0.062" errors="0">
  <testcase name="@BeforeTest setBrowserConfig" time="0.018" classname="test.searchjob">
    <failure type="java.lang.NullPointerException">
      <![CDATA[java.lang.NullPointerException
at test.searchjob.setBrowserConfig(searchjob.java:48)
... Removed 24 stack frames]]>
    </failure>
  </testcase> <!-- @BeforeTest setBrowserConfig -->
  <testcase name="runTest" time="0.0" classname="test.searchjob">
    <skipped/>
  </testcase> <!-- runTest -->
</testsuite> <!-- Test -->
